\BOOKMARK [1][-]{section.1}{\376\377\006\176\006\314\006\047\006\057\006\107\000\040\006\063\006\047\006\062\006\314}{}% 1
\BOOKMARK [2][-]{subsection.1.1}{\376\377\006\251\006\052\006\047\006\050\006\056\006\047\006\106\006\107\000\040\006\107\006\047}{section.1}% 2
\BOOKMARK [2][-]{subsection.1.2}{\376\377\006\105\006\102\006\057\006\105\006\107\000\040\006\047\006\314\000\040\006\050\006\061\000\040\006\251\006\052\006\047\006\050\006\056\006\047\006\106\006\107\000\040\000P\000y\000m\000o\000N\000N\000t\000o\000r\000c\000h}{section.1}% 3
\BOOKMARK [2][-]{subsection.1.3}{\376\377\006\052\006\071\006\061\006\314\006\101\000\040\006\314\006\251\000\040\006\061\006\101\006\052\006\047\006\061}{section.1}% 4
\BOOKMARK [2][-]{subsection.1.4}{\376\377\006\052\006\110\006\066\006\314\006\055\006\047\006\052\000\040\006\052\006\251\006\105\006\314\006\104\006\314}{section.1}% 5
\BOOKMARK [1][-]{section.2}{\376\377\006\064\006\050\006\314\006\107\000\040\006\063\006\047\006\062\006\314\000\040\006\105\006\057\006\104\000\040\006\107\006\047\000\040\006\050\006\047\000\040\006\054\006\061\006\314\006\047\006\106\000\040\006\107\006\047\006\314\000\040\006\105\006\056\006\052\006\104\006\101}{}% 6
\BOOKMARK [2][-]{subsection.2.1}{\376\377\006\105\006\057\006\104\000\040\006\052\006\054\006\105\006\314\006\071\000\040\006\110\000\040\006\042\006\052\006\064\000\040\006\106\006\064\006\052\006\314\000\040\000\050\000L\000I\000F\000\051}{section.2}% 7
\BOOKMARK [3][-]{subsubsection.2.1.1}{\376\377\006\054\006\061\006\314\006\047\006\106\000\040\006\053\006\047\006\050\006\052}{subsection.2.1}% 8
\BOOKMARK [3][-]{subsubsection.2.1.2}{\376\377\006\054\006\061\006\314\006\047\006\106\000\040\006\176\006\104\006\107\000\040\006\047\006\314}{subsection.2.1}% 9
\BOOKMARK [3][-]{subsubsection.2.1.3}{\376\377\006\054\006\061\006\314\006\047\006\106\000\040\006\063\006\314\006\106\006\110\006\063\006\314}{subsection.2.1}% 10
\BOOKMARK [3][-]{subsubsection.2.1.4}{\376\377\006\054\006\061\006\314\006\047\006\106\000\040\006\064\006\314\006\050\000\040\006\057\006\047\006\061}{subsection.2.1}% 11
\BOOKMARK [3][-]{subsubsection.2.1.5}{\376\377\006\054\006\061\006\314\006\047\006\106\000\040\006\104\006\257\006\047\006\061\006\314\006\052\006\105\006\314}{subsection.2.1}% 12
\BOOKMARK [2][-]{subsection.2.2}{\376\377\006\105\006\057\006\104\000\040\006\052\006\054\006\105\006\314\006\071\000\040\006\110\000\040\006\042\006\052\006\064\000\040\006\106\006\064\006\052\006\314\000\040\006\106\006\105\006\047\006\314\006\314\000\040\000\050\000E\000L\000I\000F\000\051}{section.2}% 13
\BOOKMARK [3][-]{subsubsection.2.2.1}{\376\377\006\054\006\061\006\314\006\047\006\106\000\040\006\053\006\047\006\050\006\052}{subsection.2.2}% 14
\BOOKMARK [3][-]{subsubsection.2.2.2}{\376\377\006\054\006\061\006\314\006\047\006\106\000\040\006\176\006\104\006\107\000\040\006\047\006\314}{subsection.2.2}% 15
\BOOKMARK [3][-]{subsubsection.2.2.3}{\376\377\006\054\006\061\006\314\006\047\006\106\000\040\006\063\006\314\006\106\006\110\006\063\006\314}{subsection.2.2}% 16
\BOOKMARK [3][-]{subsubsection.2.2.4}{\376\377\006\054\006\061\006\314\006\047\006\106\000\040\006\064\006\314\006\050\000\040\006\057\006\047\006\061}{subsection.2.2}% 17
\BOOKMARK [3][-]{subsubsection.2.2.5}{\376\377\006\054\006\061\006\314\006\047\006\106\000\040\006\104\006\257\006\047\006\061\006\314\006\052\006\105\006\314}{subsection.2.2}% 18
\BOOKMARK [2][-]{subsection.2.3}{\376\377\006\105\006\057\006\104\000\040\006\052\006\054\006\105\006\314\006\071\000\040\006\110\000\040\006\042\006\052\006\064\000\040\006\106\006\064\006\052\006\314\000\040\006\106\006\105\006\047\006\314\006\314\000\040\006\052\006\067\006\050\006\314\006\102\000\040\006\176\006\060\006\314\006\061\000\040\000\050\000A\000E\000L\000I\000F\000\051}{section.2}% 19
\BOOKMARK [3][-]{subsubsection.2.3.1}{\376\377\006\054\006\061\006\314\006\047\006\106\000\040\006\053\006\047\006\050\006\052}{subsection.2.3}% 20
\BOOKMARK [3][-]{subsubsection.2.3.2}{\376\377\006\054\006\061\006\314\006\047\006\106\000\040\006\063\006\314\006\106\006\110\006\063\006\314}{subsection.2.3}% 21
\BOOKMARK [3][-]{subsubsection.2.3.3}{\376\377\006\054\006\061\006\314\006\047\006\106\000\040\006\064\006\314\006\050\000\040\006\057\006\047\006\061}{subsection.2.3}% 22
\BOOKMARK [3][-]{subsubsection.2.3.4}{\376\377\006\054\006\061\006\314\006\047\006\106\000\040\006\104\006\257\006\047\006\061\006\314\006\052\006\105\006\314}{subsection.2.3}% 23
\BOOKMARK [1][-]{section.3}{\376\377\006\047\006\101\006\062\006\110\006\057\006\106\000\040\006\106\006\110\006\314\006\062\000\040\006\050\006\107\000\040\006\054\006\061\006\314\006\047\006\106}{}% 24
\BOOKMARK [2][-]{subsection.3.1}{\376\377\006\105\006\057\006\104\000\040\006\106\006\110\006\061\006\110\006\106\006\314\000\040\006\052\006\054\006\105\006\314\006\071\000\040\006\110\000\040\006\042\006\052\006\064\000\040\006\106\006\064\006\052\006\314\000\040\006\063\006\047\006\057\006\107}{section.3}% 25
\BOOKMARK [3][-]{subsubsection.3.1.1}{\376\377\006\054\006\061\006\314\006\047\006\106\000\040\006\053\006\047\006\050\006\052\000\040\006\050\006\107\000\040\006\107\006\105\006\061\006\047\006\107\000\040\006\106\006\110\006\314\006\062}{subsection.3.1}% 26
\BOOKMARK [3][-]{subsubsection.3.1.2}{\376\377\006\054\006\061\006\314\006\047\006\106\000\040\006\176\006\104\006\107\000\040\006\047\006\314\000\040\006\050\006\107\000\040\006\107\006\105\006\061\006\047\006\107\000\040\006\106\006\110\006\314\006\062}{subsection.3.1}% 27
\BOOKMARK [3][-]{subsubsection.3.1.3}{\376\377\006\054\006\061\006\314\006\047\006\106\000\040\006\063\006\314\006\106\006\110\006\063\006\314}{subsection.3.1}% 28
\BOOKMARK [3][-]{subsubsection.3.1.4}{\376\377\006\054\006\061\006\314\006\047\006\106\000\040\006\106\006\110\006\314\006\062\000\040\006\102\006\107\006\110\006\107\000\040\006\047\006\314}{subsection.3.1}% 29
\BOOKMARK [2][-]{subsection.3.2}{\376\377\006\105\006\057\006\104\000\040\006\106\006\110\006\061\006\110\006\106\006\314\000\040\006\052\006\054\006\105\006\314\006\071\000\040\006\110\000\040\006\042\006\052\006\064\000\040\006\106\006\064\006\052\006\314\000\040\006\106\006\105\006\047\006\314\006\314}{section.3}% 30
\BOOKMARK [3][-]{subsubsection.3.2.1}{\376\377\006\054\006\061\006\314\006\047\006\106\000\040\006\053\006\047\006\050\006\052\000\040\006\050\006\107\000\040\006\107\006\105\006\061\006\047\006\107\000\040\006\106\006\110\006\314\006\062}{subsection.3.2}% 31
\BOOKMARK [3][-]{subsubsection.3.2.2}{\376\377\006\054\006\061\006\314\006\047\006\106\000\040\006\176\006\104\006\107\000\040\006\047\006\314\000\040\006\050\006\107\000\040\006\107\006\105\006\061\006\047\006\107\000\040\006\106\006\110\006\314\006\062}{subsection.3.2}% 32
\BOOKMARK [3][-]{subsubsection.3.2.3}{\376\377\006\054\006\061\006\314\006\047\006\106\000\040\006\063\006\314\006\106\006\110\006\063\006\314\000\040\006\050\006\107\000\040\006\107\006\105\006\061\006\047\006\107\000\040\006\106\006\110\006\314\006\062}{subsection.3.2}% 33
\BOOKMARK [3][-]{subsubsection.3.2.4}{\376\377\006\054\006\061\006\314\006\047\006\106\000\040\006\106\006\110\006\314\006\062\000\040\006\102\006\107\006\110\006\107\000\040\006\047\006\314}{subsection.3.2}% 34
\BOOKMARK [2][-]{subsection.3.3}{\376\377\006\105\006\057\006\104\000\040\006\106\006\110\006\061\006\110\006\106\006\314\000\040\006\052\006\054\006\105\006\314\006\071\000\040\006\110\000\040\006\042\006\052\006\064\000\040\006\106\006\064\006\052\006\314\000\040\006\106\006\105\006\047\006\314\006\314\000\040\006\052\006\067\006\050\006\314\006\102\000\040\006\176\006\060\006\314\006\061}{section.3}% 35
\BOOKMARK [3][-]{subsubsection.3.3.1}{\376\377\006\054\006\061\006\314\006\047\006\106\000\040\006\053\006\047\006\050\006\052\000\040\006\106\006\110\006\314\006\062\006\057\006\047\006\061}{subsection.3.3}% 36
\BOOKMARK [3][-]{subsubsection.3.3.2}{\376\377\006\054\006\061\006\314\006\047\006\106\000\040\006\176\006\104\006\107\000\040\006\047\006\314\000\040\006\106\006\110\006\314\006\062\006\057\006\047\006\061}{subsection.3.3}% 37
\BOOKMARK [3][-]{subsubsection.3.3.3}{\376\377\006\054\006\061\006\314\006\047\006\106\000\040\006\063\006\314\006\106\006\110\006\063\006\314\000\040\006\106\006\110\006\314\006\062\006\057\006\047\006\061}{subsection.3.3}% 38
\BOOKMARK [3][-]{subsubsection.3.3.4}{\376\377\006\054\006\061\006\314\006\047\006\106\000\040\006\106\006\110\006\314\006\062\000\040\006\102\006\107\006\110\006\107\000\040\006\047\006\314}{subsection.3.3}% 39
\BOOKMARK [1][-]{section.4}{\376\377\006\106\006\105\006\110\006\057\006\047\006\061\000\040\006\105\006\106\006\055\006\106\006\314\000\040\000I\000-\000F}{}% 40
\BOOKMARK [2][-]{subsection.4.1}{\376\377\006\105\006\057\006\104\000\040\006\052\006\054\006\105\006\314\006\071\000\040\006\110\000\040\006\042\006\052\006\064\000\040\006\106\006\064\006\052\006\314\000\040\000\050\000L\000I\000F\000\051}{section.4}% 41
\BOOKMARK [2][-]{subsection.4.2}{\376\377\006\105\006\057\006\104\000\040\006\052\006\054\006\105\006\314\006\071\000\040\006\110\000\040\006\042\006\052\006\064\000\040\006\106\006\064\006\052\006\314\000\040\006\106\006\105\006\047\006\314\006\314\000\040\000\050\000E\000L\000I\000F\000\051}{section.4}% 42
\BOOKMARK [2][-]{subsection.4.3}{\376\377\006\105\006\057\006\104\000\040\006\052\006\054\006\105\006\314\006\071\000\040\006\110\000\040\006\042\006\052\006\064\000\040\006\106\006\064\006\052\006\314\000\040\006\106\006\105\006\047\006\314\006\314\000\040\006\052\006\067\006\050\006\314\006\102\000\040\006\176\006\060\006\314\006\061\000\040\000\050\000A\000E\000L\000I\000F\000\051}{section.4}% 43
\BOOKMARK [1][-]{section.5}{\376\377\006\050\006\047\006\062\006\107\000\040\006\105\006\102\006\047\006\110\006\105\006\052}{}% 44
\BOOKMARK [2][-]{subsection.5.1}{\376\377\006\105\006\057\006\104\000\040\006\052\006\054\006\105\006\314\006\071\000\040\006\110\000\040\006\042\006\052\006\064\000\040\006\106\006\064\006\052\006\314\000\040\000\050\000L\000I\000F\000\051}{section.5}% 45
\BOOKMARK [3][-]{subsubsection.5.1.1}{\376\377\006\054\006\061\006\314\006\047\006\106\000\040\006\053\006\047\006\050\006\052}{subsection.5.1}% 46
\BOOKMARK [3][-]{subsubsection.5.1.2}{\376\377\006\054\006\061\006\314\006\047\006\106\000\040\006\063\006\314\006\106\006\110\006\063\006\314}{subsection.5.1}% 47
\BOOKMARK [2][-]{subsection.5.2}{\376\377\006\105\006\057\006\104\000\040\006\052\006\054\006\105\006\314\006\071\000\040\006\110\000\040\006\042\006\052\006\064\000\040\006\106\006\064\006\052\006\314\000\040\006\106\006\105\006\047\006\314\006\314\000\040\000\050\000E\000L\000I\000F\000\051}{section.5}% 48
\BOOKMARK [2][-]{subsection.5.3}{\376\377\006\105\006\057\006\104\000\040\006\052\006\054\006\105\006\314\006\071\000\040\006\110\000\040\006\042\006\052\006\064\000\040\006\106\006\064\006\052\006\314\000\040\006\106\006\105\006\047\006\314\006\314\000\040\006\052\006\067\006\050\006\314\006\102\000\040\006\176\006\060\006\314\006\061\000\040\000\050\000A\000E\000L\000I\000F\000\051}{section.5}% 49
